<?xml version="1.0" encoding="UTF-8"?>
<testng-results skipped="0" failed="0" ignored="0" total="1" passed="1">
  <reporter-output>
  </reporter-output>
  <suite name="Default suite" duration-ms="22163" started-at="2019-10-12T09:56:51Z" finished-at="2019-10-12T09:57:13Z">
    <groups>
    </groups>
    <test name="Default test" duration-ms="22163" started-at="2019-10-12T09:56:51Z" finished-at="2019-10-12T09:57:13Z">
      <class name="artifacttdynew.artifacttdynew.Testcase001_new">
        <test-method status="PASS" signature="Tc001_new()[pri:0, instance:artifacttdynew.artifacttdynew.Testcase001_new@754ba872]" name="Tc001_new" duration-ms="22038" started-at="2019-10-12T09:56:51Z" finished-at="2019-10-12T09:57:13Z">
          <reporter-output>
          </reporter-output>
        </test-method> <!-- Tc001_new -->
      </class> <!-- artifacttdynew.artifacttdynew.Testcase001_new -->
    </test> <!-- Default test -->
  </suite> <!-- Default suite -->
</testng-results>
